Arguments: 
  C:\Program Files\nodejs\node.exe C:\Users\nstir\AppData\Roaming\npm\node_modules\yarn\bin\yarn.js add axios cheerios express

PATH: 
  C:\Users\nstir\OneDrive\Documentos\PowerShell\Modules\oh-my-posh;C:\Program Files\PowerShell\7;C:\laragon\bin;C:\laragon\bin\apache\httpd-2.4.47-win64-VS16\bin;C:\laragon\bin\composer;C:\laragon\bin\git\bin;C:\laragon\bin\git\cmd;C:\laragon\bin\git\mingw64\bin;C:\laragon\bin\git\usr\bin;C:\laragon\bin\laragon\utils;C:\laragon\bin\mysql\mysql-5.7.33-winx64\bin;C:\laragon\bin\nginx\nginx-1.19.10;C:\Program Files\nodejs\;C:\laragon\bin\ngrok;C:\laragon\bin\nodejs\node-v14;C:\laragon\bin\notepad++;C:\laragon\bin\php\php-7.3.29-nts-Win32-VC15-x64;C:\laragon\bin\redis\redis-x64-3.2.100;C:\laragon\bin\telnet;C:\laragon\usr\bin;C:\Users\nstir\AppData\Local\Yarn\config\global\node_modules\.bin;C:\Users\nstir\AppData\Roaming\Composer\vendor\bin;C:\Users\nstir\AppData\Roaming\npm;C:\Users\nstir\AppData\Local\Programs\Python\Python39\Scripts\;C:\Users\nstir\AppData\Local\Programs\Python\Python39\;C:\Users\nstir\AppData\Local\Microsoft\WindowsApps;C:\Users\nstir\AppData\Local\Programs\Microsoft VS Code\bin;C:\Users\nstir\AppData\Local\GitHubDesktop\bin;C:\WINDOWS\system32;C:\WINDOWS;C:\WINDOWS\System32\Wbem;C:\WINDOWS\System32\WindowsPowerShell\v1.0\;C:\WINDOWS\System32\OpenSSH\;C:\Program Files (x86)\NVIDIA Corporation\PhysX\Common;C:\Program Files\dotnet\;C:\Program Files\NVIDIA Corporation\NVIDIA NvDLISR;C:\Users\nstir\AppData\Local\Programs\Python\Python310\Scripts;C:\Program Files\PowerShell\7\;;C:\Program Files\Docker\Docker\resources\bin;C:\ProgramData\DockerDesktop\version-bin;C:\laragon\bin;C:\laragon\bin\apache\httpd-2.4.47-win64-VS16\bin;C:\laragon\bin\composer;C:\laragon\bin\git\bin;C:\laragon\bin\git\cmd;C:\laragon\bin\git\mingw64\bin;C:\laragon\bin\git\usr\bin;C:\laragon\bin\laragon\utils;C:\laragon\bin\mysql\mysql-5.7.33-winx64\bin;C:\laragon\bin\nginx\nginx-1.19.10;C:\laragon\bin\ngrok;C:\laragon\bin\nodejs\node-v14;C:\laragon\bin\notepad++;C:\laragon\bin\php\php-7.3.29-nts-Win32-VC15-x64;C:\laragon\bin\redis\redis-x64-3.2.100;C:\laragon\bin\telnet;C:\laragon\usr\bin;C:\Users\nstir\AppData\Local\Yarn\config\global\node_modules\.bin;C:\Users\nstir\AppData\Roaming\Composer\vendor\bin;C:\Users\nstir\AppData\Roaming\npm;C:\Users\nstir\AppData\Local\Programs\Python\Python39\Scripts\;C:\Users\nstir\AppData\Local\Programs\Python\Python39\;C:\Users\nstir\AppData\Local\Microsoft\WindowsApps;C:\Users\nstir\AppData\Local\Programs\Microsoft VS Code\bin;C:\Users\nstir\AppData\Local\Microsoft\WindowsApps;C:\Users\nstir\AppData\Local\Programs\oh-my-posh\bin;C:\Users\nstir\AppData\Local\Pro;

Yarn version: 
  1.22.17

Node version: 
  16.13.0

Platform: 
  win32 x64

Trace: 
  Error: https://registry.yarnpkg.com/cheerios: Not found
      at Request.params.callback [as _callback] (C:\Users\nstir\AppData\Roaming\npm\node_modules\yarn\lib\cli.js:67029:18)
      at Request.self.callback (C:\Users\nstir\AppData\Roaming\npm\node_modules\yarn\lib\cli.js:140883:22)
      at Request.emit (node:events:390:28)
      at Request.<anonymous> (C:\Users\nstir\AppData\Roaming\npm\node_modules\yarn\lib\cli.js:141855:10)
      at Request.emit (node:events:390:28)
      at IncomingMessage.<anonymous> (C:\Users\nstir\AppData\Roaming\npm\node_modules\yarn\lib\cli.js:141777:12)
      at Object.onceWrapper (node:events:509:28)
      at IncomingMessage.emit (node:events:402:35)
      at endReadableNT (node:internal/streams/readable:1343:12)
      at processTicksAndRejections (node:internal/process/task_queues:83:21)

npm manifest: 
  {
    "name": "web-scrapper",
    "version": "1.0.0",
    "description": "Simple Web Scrapper",
    "main": "index.js",
    "author": "Nicolas Stirnemann",
    "license": "MIT"
  }

yarn manifest: 
  No manifest

Lockfile: 
  No lockfile
